<?xml version="1.0" encoding="UTF-8"?>
<testsuite xmlns:xsi="http://www.w3.org/2001/XMLSchema-instance" xsi:noNamespaceSchemaLocation="https://maven.apache.org/surefire/maven-surefire-plugin/xsd/surefire-test-report-3.0.xsd" version="3.0" name="es.udc.rs.deliveries.test.model.deliveryservice.DeliveryServiceTest" time="0.077" tests="19" errors="0" skipped="0" failures="0">
  <properties>
[...]
</properties>
  <testcase name="cancelInvalidShipmentTest" classname="es.udc.rs.deliveries.test.model.deliveryservice.DeliveryServiceTest" time="0.029"/>
  <testcase name="testUpdateNonValidShipmentStatus" classname="es.udc.rs.deliveries.test.model.deliveryservice.DeliveryServiceTest" time="0.002"/>
  <testcase name="findShipmentsbyUserTest" classname="es.udc.rs.deliveries.test.model.deliveryservice.DeliveryServiceTest" time="0.002"/>
  <testcase name="addInvalidShipmentTest" classname="es.udc.rs.deliveries.test.model.deliveryservice.DeliveryServiceTest" time="0.002"/>
  <testcase name="findShipmentsWithoutStatusTest" classname="es.udc.rs.deliveries.test.model.deliveryservice.DeliveryServiceTest" time="0.001"/>
  <testcase name="testUpdateValidShipmentStatus" classname="es.udc.rs.deliveries.test.model.deliveryservice.DeliveryServiceTest" time="0.0"/>
  <testcase name="cancelShipmentTest" classname="es.udc.rs.deliveries.test.model.deliveryservice.DeliveryServiceTest" time="0.0"/>
  <testcase name="testAddCustomerAndFindShipment" classname="es.udc.rs.deliveries.test.model.deliveryservice.DeliveryServiceTest" time="0.001"/>
  <testcase name="testAddCustomersAndFindCustomersByText" classname="es.udc.rs.deliveries.test.model.deliveryservice.DeliveryServiceTest" time="0.001"/>
  <testcase name="testUpdateCustomer" classname="es.udc.rs.deliveries.test.model.deliveryservice.DeliveryServiceTest" time="0.001"/>
  <testcase name="testUpdateInvalidCustomer" classname="es.udc.rs.deliveries.test.model.deliveryservice.DeliveryServiceTest" time="0.001"/>
  <testcase name="testDeleteNonExistentCustomer" classname="es.udc.rs.deliveries.test.model.deliveryservice.DeliveryServiceTest" time="0.001"/>
  <testcase name="findAllShipmentsTest" classname="es.udc.rs.deliveries.test.model.deliveryservice.DeliveryServiceTest" time="0.001"/>
  <testcase name="testAddCustomersAndFindCustomersByInvalidText" classname="es.udc.rs.deliveries.test.model.deliveryservice.DeliveryServiceTest" time="0.001"/>
  <testcase name="testAddCustomerAndFindCustomer" classname="es.udc.rs.deliveries.test.model.deliveryservice.DeliveryServiceTest" time="0.001"/>
  <testcase name="findAllShipmentsWithStatusTest" classname="es.udc.rs.deliveries.test.model.deliveryservice.DeliveryServiceTest" time="0.0"/>
  <testcase name="testAddInvalidCustomer" classname="es.udc.rs.deliveries.test.model.deliveryservice.DeliveryServiceTest" time="0.001"/>
  <testcase name="testDeleteCustomer" classname="es.udc.rs.deliveries.test.model.deliveryservice.DeliveryServiceTest" time="0.001"/>
  <testcase name="testFindNonExistentCustomer" classname="es.udc.rs.deliveries.test.model.deliveryservice.DeliveryServiceTest" time="0.001"/>
</testsuite>